生成启动时间为 2018/4/18 18:10:17。
     1>项目“E:\Document\2017研一\研一上\计算机图形学\图形学_171674李娜\ConsoleApplication1-v4.0\ConsoleApplication1\ConsoleApplication1.vcxproj”在节点 2 上(Build 个目标)。
     1>Link:
         D:\Program Files\Microsoft Visual Studio 12.0\VC\bin\link.exe /ERRORREPORT:PROMPT /OUT:"E:\Document\2017研一\研一上\计算机图形学\图形学_171674李娜\ConsoleApplication1-v4.0\Release\ConsoleApplication1.exe" /INCREMENTAL:NO /NOLOGO kernel32.lib user32.lib gdi32.lib winspool.lib comdlg32.lib advapi32.lib shell32.lib ole32.lib oleaut32.lib uuid.lib odbc32.lib odbccp32.lib /MANIFEST /MANIFESTUAC:"level='asInvoker' uiAccess='false'" /manifest:embed /DEBUG /PDB:"E:\Document\2017研一\研一上\计算机图形学\图形学_171674李娜\ConsoleApplication1-v4.0\Release\ConsoleApplication1.pdb" /SUBSYSTEM:CONSOLE /OPT:REF /OPT:ICF /LTCG /TLBID:1 /DYNAMICBASE /NXCOMPAT /IMPLIB:"E:\Document\2017研一\研一上\计算机图形学\图形学_171674李娜\ConsoleApplication1-v4.0\Release\ConsoleApplication1.lib" /MACHINE:X86 /SAFESEH Release\house.obj
         正在生成代码
         已完成代码的生成
     1>glut32.lib(glut32.dll) : error LNK2026: 模块对于 SAFESEH 映像是不安全的。
     1>glut32.lib(glut32.dll) : error LNK2026: 模块对于 SAFESEH 映像是不安全的。
     1>glut32.lib(glut32.dll) : error LNK2026: 模块对于 SAFESEH 映像是不安全的。
     1>glut32.lib(glut32.dll) : error LNK2026: 模块对于 SAFESEH 映像是不安全的。
     1>glut32.lib(glut32.dll) : error LNK2026: 模块对于 SAFESEH 映像是不安全的。
     1>glut32.lib(glut32.dll) : error LNK2026: 模块对于 SAFESEH 映像是不安全的。
     1>glut32.lib(glut32.dll) : error LNK2026: 模块对于 SAFESEH 映像是不安全的。
     1>glut32.lib(glut32.dll) : error LNK2026: 模块对于 SAFESEH 映像是不安全的。
     1>glut32.lib(glut32.dll) : error LNK2026: 模块对于 SAFESEH 映像是不安全的。
     1>glut32.lib(glut32.dll) : error LNK2026: 模块对于 SAFESEH 映像是不安全的。
     1>glut32.lib(glut32.dll) : error LNK2026: 模块对于 SAFESEH 映像是不安全的。
     1>glut32.lib(glut32.dll) : error LNK2026: 模块对于 SAFESEH 映像是不安全的。
     1>E:\Document\2017研一\研一上\计算机图形学\图形学_171674李娜\ConsoleApplication1-v4.0\Release\ConsoleApplication1.exe : fatal error LNK1281: 无法生成 SAFESEH 映像。
     1>已完成生成项目“E:\Document\2017研一\研一上\计算机图形学\图形学_171674李娜\ConsoleApplication1-v4.0\ConsoleApplication1\ConsoleApplication1.vcxproj”(Build 个目标)的操作 - 失败。

生成失败。

已用时间 00:00:02.03
